Physical cores: 2
Logical cores:  4
Memory:         7.68GB
Extensions:     AVX

WARNING: Partition DATA: Sequences S1.7.ribosomal_protein_L16_L10E_rplP:SPAdes-S05.13_2 and S1.7.ribosomal_protein_L16_L10E_rplP:SPAdes-S03.12 are identical
WARNING: Partition DATA: Sequences S1.7.ribosomal_protein_L16_L10E_rplP:SPAdesHybrid-SD.18_2 and S1.7.ribosomal_protein_L16_L10E_rplP:SPAdesHybrid-SUB.9_2 are identical
WARNING: Partition DATA: Sequences S1.7.ribosomal_protein_L16_L10E_rplP:SPAdes-S04.16 and S1.7.ribosomal_protein_L16_L10E_rplP:SPAdes-S06.11_2 are identical
WARNING: Partition DATA: Sequences S1.7.ribosomal_protein_L16_L10E_rplP:SPAdesHybrid-SUB.10 and S1.7.ribosomal_protein_L16_L10E_rplP:SPAdesHybrid-SA.73 are identical
WARNING: Partition DATA: Sequences S1.7.ribosomal_protein_L16_L10E_rplP:SPAdesHybrid-SA.32 and S1.7.ribosomal_protein_L16_L10E_rplP:SPAdesHybrid-SUB.37 are identical
WARNING: Partition DATA: Sequences S1.7.ribosomal_protein_L16_L10E_rplP:SPAdesHybrid-SA.137 and S1.7.ribosomal_protein_L16_L10E_rplP:SPAdesHybrid-SD.6 are identical
WARNING: Partition DATA: Sequences S1.7.ribosomal_protein_L16_L10E_rplP:SPAdes-S05.2 and S1.7.ribosomal_protein_L16_L10E_rplP:SPAdesHybrid-SUB.53 are identical
WARNING: Partition DATA: Sequences S1.7.ribosomal_protein_L16_L10E_rplP:SPAdes-S04.14 and S1.7.ribosomal_protein_L16_L10E_rplP:SPAdes-S06.2 are identical
Creating new checkpoint file: S1.7.ribosomal_protein_L16_L10E_rplP_evoModel.ckp
--------------------------------------------------------------------------------
ModelTest-NG v0.1.7

Input data:
  MSA:        /home/daniel/Documents/analyses/ZheStreamData/RPtree/alignments/S1.7.ribosomal_protein_L16_L10E_rplP_aligned.fasta
  Tree:       Maximum parsimony
    file:           -
  #taxa:            66
  #sites:           72
  #patterns:        68
  Max. thread mem:  2 MB

Output:
  Log:           S1.7.ribosomal_protein_L16_L10E_rplP_evoModel.log
  Starting tree: S1.7.ribosomal_protein_L16_L10E_rplP_evoModel.tree
  Results:       S1.7.ribosomal_protein_L16_L10E_rplP_evoModel.out

Selection options:
  # dna schemes:      11
  # dna models:       88
  include model parameters:
    Uniform:         true
    p-inv (+I):      true
    gamma (+G):      true
    both (+I+G):     true
    free rates (+R): false
    fixed freqs:     true
    estimated freqs: true
    #categories:     4
  gamma rates mode:   mean
  asc bias:           none
  epsilon (opt):      0.01
  epsilon (par):      0.05
  keep branches:      false

Additional options:
  verbosity:        very low
  threads:          3/2
  RNG seed:         12345
  subtree repeats:  enabled
--------------------------------------------------------------------------------
modeltest-ng was called as follows: 
>> modeltest-ng -i /home/daniel/Documents/analyses/ZheStreamData/RPtree/alignments/S1.7.ribosomal_protein_L16_L10E_rplP_aligned.fasta -d nt -o S1.7.ribosomal_protein_L16_L10E_rplP_evoModel -p 3 -T phyml 


Partition 1/1

 ----ID---  ----MODEL---- ---Time--- -Elapsed--- -------LnL------- -Alpha- -P-inv-

Computation of likelihood scores completed. It took 0h:00:04

BIC       model              K            lnL          score          delta    weight
--------------------------------------------------------------------------------
       1  TPM1uf+G4          6     -2049.8420      4677.0340         0.0000    0.3121
       2  HKY+G4             5     -2052.0418      4677.1569         0.1229    0.2935
       3  TPM3uf+G4          6     -2051.2908      4679.9315         2.8975    0.0733
       4  TIM1+G4            7     -2049.2382      4680.1031         3.0691    0.0673
       5  TrN+G4             6     -2051.5692      4680.4884         3.4544    0.0555
       6  TPM2uf+G4          6     -2052.0011      4681.3521         4.3181    0.0360
       7  TPM1uf+I+G4        7     -2049.9350      4681.4965         4.4626    0.0335
       8  HKY+I+G4           6     -2052.1345      4681.6189         4.5850    0.0315
       9  TVM+G4             8     -2048.2548      4682.4129         5.3789    0.0212
      10  TVMef+G4           5     -2054.7032      4682.4796         5.4457    0.0205
--------------------------------------------------------------------------------
Best model according to BIC
---------------------------
Model:              TPM1uf+G4
lnL:                -2049.8420
Frequencies:        0.2118 0.3253 0.2951 0.1678
Subst. Rates:       1.0000 3.1182 1.5892 1.5892 3.1182 1.0000 
Inv. sites prop:    -
Gamma shape:        0.8249
Score:              4677.0340
Weight:             0.3121
---------------------------
Parameter importances
---------------------------
P.Inv:              0.0000
Gamma:              0.9043
Gamma-Inv:          0.0957
Frequencies:        0.9731
---------------------------
Model averaged estimates
---------------------------
P.Inv:              0.0219
Alpha:              0.8338
Alpha-P.Inv:        0.8647
P.Inv-Alpha:        0.0214
Frequencies:        0.2088 0.3236 0.3003 0.1673 

Commands:
  > phyml  -i /home/daniel/Documents/analyses/ZheStreamData/RPtree/alignments/S1.7.ribosomal_protein_L16_L10E_rplP_aligned.fasta -m 012210 -f m -v 0 -a e -c 4 -o tlr
  > raxmlHPC-SSE3 -s /home/daniel/Documents/analyses/ZheStreamData/RPtree/alignments/S1.7.ribosomal_protein_L16_L10E_rplP_aligned.fasta -m GTRGAMMAX -n EXEC_NAME -p PARSIMONY_SEED
  > raxml-ng --msa /home/daniel/Documents/analyses/ZheStreamData/RPtree/alignments/S1.7.ribosomal_protein_L16_L10E_rplP_aligned.fasta --model TPM1uf+G4
  > paup -s /home/daniel/Documents/analyses/ZheStreamData/RPtree/alignments/S1.7.ribosomal_protein_L16_L10E_rplP_aligned.fasta
  > iqtree -s /home/daniel/Documents/analyses/ZheStreamData/RPtree/alignments/S1.7.ribosomal_protein_L16_L10E_rplP_aligned.fasta -m TPM1uf+G4

AIC       model              K            lnL          score          delta    weight
--------------------------------------------------------------------------------
       1  TPM1uf+G4          6     -2049.8420      4369.6840         0.0000    0.2069
       2  TIM1+G4            7     -2049.2382      4370.4765         0.7925    0.1392
       3  TVM+G4             8     -2048.2548      4370.5096         0.8256    0.1369
       4  TPM1uf+I+G4        7     -2049.9350      4371.8699         2.1859    0.0694
       5  HKY+G4             5     -2052.0418      4372.0836         2.3996    0.0623
       6  GTR+G4             9     -2048.1523      4372.3047         2.6207    0.0558
       7  TPM3uf+G4          6     -2051.2908      4372.5816         2.8975    0.0486
       8  TVM+I+G4           9     -2048.3559      4372.7117         3.0277    0.0455
       9  TIM1+I+G4          8     -2049.4071      4372.8143         3.1303    0.0433
      10  TrN+G4             6     -2051.5692      4373.1384         3.4544    0.0368
--------------------------------------------------------------------------------
Best model according to AIC
---------------------------
Model:              TPM1uf+G4
lnL:                -2049.8420
Frequencies:        0.2118 0.3253 0.2951 0.1678
Subst. Rates:       1.0000 3.1182 1.5892 1.5892 3.1182 1.0000 
Inv. sites prop:    -
Gamma shape:        0.8249
Score:              4369.6840
Weight:             0.2069
---------------------------
Parameter importances
---------------------------
P.Inv:              0.0000
Gamma:              0.7546
Gamma-Inv:          0.2454
Frequencies:        0.9917
---------------------------
Model averaged estimates
---------------------------
P.Inv:              0.0219
Alpha:              0.8425
Alpha-P.Inv:        0.8753
P.Inv-Alpha:        0.0214
Frequencies:        0.2135 0.3150 0.2987 0.1728 

Commands:
  > phyml  -i /home/daniel/Documents/analyses/ZheStreamData/RPtree/alignments/S1.7.ribosomal_protein_L16_L10E_rplP_aligned.fasta -m 012210 -f m -v 0 -a e -c 4 -o tlr
  > raxmlHPC-SSE3 -s /home/daniel/Documents/analyses/ZheStreamData/RPtree/alignments/S1.7.ribosomal_protein_L16_L10E_rplP_aligned.fasta -m GTRGAMMAX -n EXEC_NAME -p PARSIMONY_SEED
  > raxml-ng --msa /home/daniel/Documents/analyses/ZheStreamData/RPtree/alignments/S1.7.ribosomal_protein_L16_L10E_rplP_aligned.fasta --model TPM1uf+G4
  > paup -s /home/daniel/Documents/analyses/ZheStreamData/RPtree/alignments/S1.7.ribosomal_protein_L16_L10E_rplP_aligned.fasta
  > iqtree -s /home/daniel/Documents/analyses/ZheStreamData/RPtree/alignments/S1.7.ribosomal_protein_L16_L10E_rplP_aligned.fasta -m TPM1uf+G4

AICc      model              K            lnL          score          delta    weight
--------------------------------------------------------------------------------
       1  JC                 0     -2209.3244     38216.6489         0.0000    1.0000
       2  JC+G4              1     -2093.3595     38506.7190       290.0701    0.0000
       3  K80                1     -2193.2824     38706.5648       489.9160    0.0000
       4  JC+I               1     -2203.1861     38726.3721       509.7233    0.0000
       5  K80+G4             2     -2076.0020     38998.0040       781.3552    0.0000
       6  JC+I+G4            2     -2093.3213     39032.6427       815.9938    0.0000
       7  TPM3               2     -2178.1363     39202.2726       985.6237    0.0000
       8  TPM1               2     -2186.1935     39218.3870      1001.7382    0.0000
       9  K80+I              2     -2187.1223     39220.2446      1003.5957    0.0000
      10  TPM2               2     -2189.8352     39225.6703      1009.0215    0.0000
--------------------------------------------------------------------------------
Best model according to AICc
---------------------------
Model:              JC
lnL:                -2209.3244
Frequencies:        0.2500 0.2500 0.2500 0.2500
Subst. Rates:       1.0000 1.0000 1.0000 1.0000 1.0000 1.0000 
Inv. sites prop:    -
Gamma shape:        -
Score:              38216.6489
Weight:             1.0000
---------------------------
Parameter importances
---------------------------
P.Inv:              0.0000
Gamma:              0.0000
Gamma-Inv:          0.0000
Frequencies:        -
---------------------------
Model averaged estimates
---------------------------
P.Inv:              0.0219
Alpha:              0.9500
Alpha-P.Inv:        0.9500
P.Inv-Alpha:        0.0214
Frequencies:        -

Commands:
  > phyml  -i /home/daniel/Documents/analyses/ZheStreamData/RPtree/alignments/S1.7.ribosomal_protein_L16_L10E_rplP_aligned.fasta -m 000000 -f 0.25,0.25,0.25,0.25 -v 0 -a 0 -c 1 -o tlr
  > raxmlHPC-SSE3 -s /home/daniel/Documents/analyses/ZheStreamData/RPtree/alignments/S1.7.ribosomal_protein_L16_L10E_rplP_aligned.fasta -c 1 -m GTRCAT --JC69 -n EXEC_NAME -p PARSIMONY_SEED
  > raxml-ng --msa /home/daniel/Documents/analyses/ZheStreamData/RPtree/alignments/S1.7.ribosomal_protein_L16_L10E_rplP_aligned.fasta --model JC
  > paup -s /home/daniel/Documents/analyses/ZheStreamData/RPtree/alignments/S1.7.ribosomal_protein_L16_L10E_rplP_aligned.fasta
  > iqtree -s /home/daniel/Documents/analyses/ZheStreamData/RPtree/alignments/S1.7.ribosomal_protein_L16_L10E_rplP_aligned.fasta -m JC
Summary:

Partition 1/1:
                         Model         Score        Weight
----------------------------------------------------------
       BIC           TPM1uf+G4     4677.0340        0.3121
       AIC           TPM1uf+G4     4369.6840        0.2069
      AICc                  JC    38216.6489        1.0000

Execution results written to S1.7.ribosomal_protein_L16_L10E_rplP_evoModel.out
Starting tree written to S1.7.ribosomal_protein_L16_L10E_rplP_evoModel.tree
